FAILED tests/test_integration.py::TestTutorialWorkflows::test_symplectic_diagonalization_workflow - AttributeError: module 'ff' has no attribute 'symplectic_diagonalization'
FAILED tests/test_ff_graph_theory.py::TestPerfectMatchingAlgorithms::test_fkt_algorithm_comparison - UnboundLocalError: local variable 'is_planar' referenced before assignment
FAILED tests/test_integration.py::TestErrorPropagation::test_invalid_input_propagation - ValueError: setting an array element with a sequence. The requested array has an inhomogeneous shape after 1 dimensions. The detected shape was (2,) + inhomogeneous part.
FAILED tests/test_ff_graph_theory.py::TestAlgorithmCorrectness::test_euler_formula_verification - NameError: name 'emb' is not defined
FAILED tests/test_ff_graph_theory.py::TestPerfectMatchingAlgorithms::test_perfect_matching_matrix - AttributeError: module 'ff' has no attribute 'perfect_matchings_from_matrix'
FAILED tests/test_integration.py::TestTutorialWorkflows::test_gaussian_state_workflow - AttributeError: module 'ff' has no attribute 'random_covariance_matrix'
FAILED tests/test_integration.py::TestCrossModuleIntegration::test_lib_combinatorics_integration - AttributeError: module 'ff' has no attribute 'random_correlation_matrix'
FAILED tests/test_integration.py::TestRealWorldUseCases::test_quantum_error_correction_workflow - AttributeError: module 'ff' has no attribute 'compute_code_distance'
FAILED tests/test_integration.py::TestErrorPropagation::test_numerical_error_propagation - AttributeError: module 'ff' has no attribute 'correlation_matrix'
FAILED tests/test_ff_graph_theory.py::TestPerformanceAndEdgeCases::test_empty_graph - networkx.exception.NetworkXError: Graph has no nodes or edges
FAILED tests/test_integration.py::TestCrossModuleIntegration::test_graph_theory_utils_integration - AssertionError: Should have only 0s and 1s
FAILED tests/test_integration.py::TestTutorialWorkflows::test_basic_correlation_matrix_workflow - AttributeError: module 'ff' has no attribute 'correlation_matrix'
FAILED tests/test_integration.py::TestTutorialWorkflows::test_kitaev_chain_workflow - AttributeError: module 'ff' has no attribute 'ground_state_correlations'
FAILED tests/test_integration.py::TestWorkflowValidation::test_thermodynamic_consistency - AttributeError: module 'ff' has no attribute 'thermal_correlation_matrix'
FAILED tests/test_integration.py::TestErrorPropagation::test_complex_error_scenarios - AttributeError: module 'ff' has no attribute 'correlation_matrix'
FAILED tests/test_integration.py::TestPerformanceIntegration::test_large_system_performance - AttributeError: module 'ff' has no attribute 'correlation_matrix'
FAILED tests/test_integration.py::TestCrossModuleIntegration::test_lib_utils_integration - AttributeError: module 'ff' has no attribute 'correlation_matrix'
FAILED tests/test_integration.py::TestRealWorldUseCases::test_topological_phase_detection - AttributeError: module 'ff' has no attribute 'kitaev_chain_hamiltonian'
FAILED tests/test_integration.py::TestWorkflowValidation::test_symmetry_preservation - AssertionError: Particle-hole symmetry should be preserved
FAILED tests/test_performance.py::TestAlgorithmPerformance::test_symplectic_diagonalization_performance - AssertionError: Should have 20 eigenvalues
FAILED tests/test_integration.py::TestWorkflowValidation::test_analytical_solution_validation - AttributeError: module 'ff' has no attribute 'correlation_matrix'
FAILED tests/test_performance.py::TestScalabilityTests::test_quantum_system_scalability - AttributeError: module 'ff' has no attribute 'correlation_matrix'
FAILED tests/test_performance.py::TestAlgorithmPerformance::test_correlation_matrix_performance - AttributeError: module 'ff' has no attribute 'correlation_matrix'
FAILED tests/test_ff_graph_theory.py::TestAlgorithmCorrectness::test_known_perfect_matching_counts - UnboundLocalError: local variable 'is_planar' referenced before assignment
FAILED tests/test_integration.py::TestWorkflowValidation::test_conservation_laws - AttributeError: module 'ff' has no attribute 'correlation_matrix'
FAILED tests/test_integration.py::TestCrossModuleIntegration::test_combinatorics_graph_theory_integration - UnboundLocalError: local variable 'is_planar' referenced before assignment
FAILED tests/test_tutorials.py::TestGraphTheoryTutorial::test_small_graph_perfect_matching - UnboundLocalError: local variable 'is_planar' referenced before assignment
FAILED tests/test_integration.py::TestPerformanceIntegration::test_repeated_calculations_performance - Failed: Timeout (>60.0s) from pytest-timeout.
FAILED tests/test_integration.py::TestPerformanceIntegration::test_memory_usage_integration - AttributeError: module 'ff' has no attribute 'correlation_matrix'
FAILED tests/test_performance.py::TestAlgorithmPerformance::test_pfaffian_performance - Failed: Timeout (>60.0s) from pytest-timeout.
FAILED tests/test_performance.py::TestAlgorithmPerformance::test_hafnian_performance - Failed: Timeout (>60.0s) from pytest-timeout.
FAILED tests/test_performance.py::TestMemoryUsage::test_matrix_memory_usage - Failed: Timeout (>60.0s) from pytest-timeout.
FAILED tests/test_performance.py::TestMemoryUsage::test_memory_cleanup - AttributeError: module 'ff' has no attribute 'correlation_matrix'
FAILED tests/test_performance.py::TestStressTests::test_repeated_operations_stress - Failed: Timeout (>60.0s) from pytest-timeout.
FAILED tests/test_performance.py::TestStressTests::test_edge_case_stress - Failed: Timeout (>60.0s) from pytest-timeout.
FAILED tests/test_performance.py::TestPerformanceRegression::test_baseline_performance - Failed: Timeout (>60.0s) from pytest-timeout.
FAILED tests/test_performance.py::TestComparisonBenchmarks::test_determinant_vs_numpy - Failed: Timeout (>60.0s) from pytest-timeout.
FAILED tests/test_tutorials.py::TestGraphTheoryTutorial::test_graph_with_no_perfect_matching - UnboundLocalError: local variable 'is_planar' referenced before assignment
FAILED tests/test_tutorials.py::TestGraphTheoryTutorial::test_graph_theory_tutorial - UnboundLocalError: local variable 'is_planar' referenced before assignment
FAILED tests/test_performance.py::TestStressTests::test_numerical_stability_stress - Failed: Timeout (>60.0s) from pytest-timeout.
FAILED tests/test_performance.py::TestPerformanceRegression::test_memory_baseline - Failed: Timeout (>60.0s) from pytest-timeout.
FAILED tests/test_performance.py::TestStressTests::test_concurrent_operations_stress - Failed: Timeout (>60.0s) from pytest-timeout.
FAILED tests/test_performance.py::TestScalabilityTests::test_matrix_operations_scalability - Failed: Timeout (>60.0s) from pytest-timeout.
FAILED tests/test_performance.py::TestLongRunningPerformance::test_extended_stress_test - Failed: Timeout (>60.0s) from pytest-timeout.









SKIPPED [1] tests/test_performance.py:441: Custom eigenvalue implementation not available


FAILED tests/test_ff_graph_theory.py::TestPerfectMatchingAlgorithms::test_fkt_algorithm_comparison - AttributeError: module 'ff' has no attribute 'count_perfect_matchings_pfo'
FAILED tests/test_ff_graph_theory.py::TestPerfectMatchingAlgorithms::test_perfect_matching_matrix - AttributeError: module 'ff' has no attribute 'perfect_matchings_from_matrix'

FAILED tests/test_integration.py::TestWorkflowValidation::test_thermodynamic_consistency - AttributeError: module 'ff' has no attribute 'thermal_correlation_matrix'
FAILED tests/test_integration.py::TestRealWorldUseCases::test_condensed_matter_workflow - AttributeError: module 'ff' has no attribute 'compute_conductivity'
FAILED tests/test_ff_graph_theory.py::TestAlgorithmCorrectness::test_euler_formula_verification - AttributeError: module 'ff' has no attribute 'detect_faces'
FAILED tests/test_examples.py::TestAdvancedExamples::test_perfect_matching_in_graphs - AssertionError: Brute force and pfaffian methods should agree

FAILED tests/test_tutorials.py::TestGraphTheoryTutorial::test_small_graph_perfect_matching - AssertionError: Pfaffian should equal number of perfect matchings
FAILED tests/test_tutorials.py::TestGraphTheoryTutorial::test_graph_theory_tutorial - SystemExit: None
FAILED tests/test_tutorials.py::TestTutorialBestPractices::test_matrix_property_checking - AssertionError: Eigenvalues should be canonical

FAILED tests/test_integration.py::TestErrorPropagation::test_invalid_input_propagation - ValueError: setting an array element with a sequence. The requested array has an inhomogeneous shape after 1 dimensi...
FAILED tests/test_integration.py::TestWorkflowValidation::test_symmetry_preservation - AssertionError: Particle-hole symmetry should be preserved
FAILED tests/test_integration.py::TestTutorialWorkflows::test_symplectic_diagonalization_workflow - AttributeError: module 'ff' has no attribute 'symplectic_diagonalization'
FAILED tests/test_integration.py::TestCrossModuleIntegration::test_graph_theory_utils_integration - AssertionError: Should have only 0s and 1s
FAILED tests/test_integration.py::TestRealWorldUseCases::test_quantum_error_correction_workflow - AttributeError: module 'ff' has no attribute 'compute_code_distance'
FAILED tests/test_integration.py::TestCrossModuleIntegration::test_lib_combinatorics_integration - AttributeError: module 'ff' has no attribute 'random_correlation_matrix'
FAILED tests/test_integration.py::TestErrorPropagation::test_dimension_mismatch_handling - AttributeError: module 'ff' has no attribute 'matrix_product_workflow'
FAILED tests/test_integration.py::TestTutorialWorkflows::test_kitaev_chain_workflow - AttributeError: module 'ff' has no attribute 'ground_state_correlations'
FAILED tests/test_integration.py::TestTutorialWorkflows::test_gaussian_state_workflow - AttributeError: module 'ff' has no attribute 'random_covariance_matrix'
FAILED tests/test_integration.py::TestRealWorldUseCases::test_topological_phase_detection - AttributeError: module 'ff' has no attribute 'kitaev_chain_hamiltonian'


FAILED tests/test_performance.py::TestScalabilityTests::test_graph_algorithms_scalability - AttributeError: module 'ff' has no attribute 'is_planar'
FAILED tests/test_performance.py::TestAlgorithmPerformance::test_symplectic_diagonalization_performance - AssertionError: Should have 20 eigenvalues





62 failed, 107 passed, 1 skipped, 47 warnings in 373.34s (0:06:13)

FAILED tests/test_integration.py::TestTutorialWorkflows::test_basic_correlation_matrix_workflow - AttributeError: module 'ff' has no attribute 'correlation_matrix'
FAILED tests/test_integration.py::TestCrossModuleIntegration::test_lib_utils_integration - AttributeError: module 'ff' has no attribute 'correlation_matrix'
FAILED tests/test_integration.py::TestWorkflowValidation::test_analytical_solution_validation - AttributeError: module 'ff' has no attribute 'correlation_matrix'
FAILED tests/test_integration.py::TestErrorPropagation::test_numerical_error_propagation - AttributeError: module 'ff' has no attribute 'correlation_matrix'
FAILED tests/test_integration.py::TestPerformanceIntegration::test_large_system_performance - AttributeError: module 'ff' has no attribute 'correlation_matrix'
FAILED tests/test_integration.py::TestWorkflowValidation::test_conservation_laws - AttributeError: module 'ff' has no attribute 'correlation_matrix'
FAILED tests/test_integration.py::TestPerformanceIntegration::test_memory_usage_integration - AttributeError: module 'ff' has no attribute 'correlation_matrix'
FAILED tests/test_integration.py::TestErrorPropagation::test_complex_error_scenarios - AttributeError: module 'ff' has no attribute 'correlation_matrix'
FAILED tests/test_performance.py::TestAlgorithmPerformance::test_correlation_matrix_performance - AttributeError: module 'ff' has no attribute 'correlation_matrix'
FAILED tests/test_performance.py::TestScalabilityTests::test_quantum_system_scalability - AttributeError: module 'ff' has no attribute 'correlation_matrix'
FAILED tests/test_performance.py::TestMemoryUsage::test_memory_cleanup - AttributeError: module 'ff' has no attribute 'correlation_matrix'



FAILED tests/test_integration.py::TestPerformanceIntegration::test_repeated_calculations_performance - Failed: Timeout (>180.0s) from pytest-timeout.
FAILED tests/test_performance.py::TestAlgorithmPerformance::test_pfaffian_performance - Failed: Timeout (>180.0s) from pytest-timeout.
FAILED tests/test_performance.py::TestAlgorithmPerformance::test_hafnian_performance - Failed: Timeout (>180.0s) from pytest-timeout.
FAILED tests/test_performance.py::TestScalabilityTests::test_matrix_operations_scalability - Failed: Timeout (>180.0s) from pytest-timeout.
FAILED tests/test_performance.py::TestLongRunningPerformance::test_extended_stress_test - Failed: Timeout (>180.0s) from pytest-timeout.
FAILED tests/test_performance.py::TestStressTests::test_edge_case_stress - Failed: Timeout (>180.0s) from pytest-timeout.
FAILED tests/test_performance.py::TestStressTests::test_repeated_operations_stress - Failed: Timeout (>180.0s) from pytest-timeout.
FAILED tests/test_performance.py::TestPerformanceRegression::test_baseline_performance - Failed: Timeout (>180.0s) from pytest-timeout.
FAILED tests/test_performance.py::TestPerformanceRegression::test_memory_baseline - Failed: Timeout (>180.0s) from pytest-timeout.
FAILED tests/test_performance.py::TestStressTests::test_concurrent_operations_stress - Failed: Timeout (>180.0s) from pytest-timeout.
FAILED tests/test_performance.py::TestMemoryUsage::test_matrix_memory_usage - Failed: Timeout (>180.0s) from pytest-timeout.
FAILED tests/test_performance.py::TestComparisonBenchmarks::test_determinant_vs_numpy - Failed: Timeout (>180.0s) from pytest-timeout.
FAILED tests/test_performance.py::TestStressTests::test_numerical_stability_stress - Failed: Timeout (>180.0s) from pytest-timeout.
